<?xml version="1.0" encoding="UTF-8"?>
<testng-results ignored="0" total="6" passed="4" failed="1" skipped="1">
  <reporter-output>
  </reporter-output>
  <suite started-at="2023-07-31T18:30:38Z" name="Suite" finished-at="2023-07-31T18:31:45Z" duration-ms="66902">
    <groups>
      <group name="Purchase">
        <method signature="SubmitOrderTest.submitOrder(java.util.HashMap)[pri:0, instance:nTech.SeleniumFrameworkDesign.SubmitOrderTest@26a4842b]" name="submitOrder" class="nTech.SeleniumFrameworkDesign.SubmitOrderTest"/>
      </group> <!-- Purchase -->
      <group name="ErrorHandling">
        <method signature="ErrorValidationsTest.LoginErrorValidation()[pri:0, instance:nTech.SeleniumFrameworkDesign.ErrorValidationsTest@6b54655f]" name="LoginErrorValidation" class="nTech.SeleniumFrameworkDesign.ErrorValidationsTest"/>
        <method signature="ErrorValidationsTest.ProductErrorValidation()[pri:0, instance:nTech.SeleniumFrameworkDesign.ErrorValidationsTest@6b54655f]" name="ProductErrorValidation" class="nTech.SeleniumFrameworkDesign.ErrorValidationsTest"/>
      </group> <!-- ErrorHandling -->
    </groups>
    <test started-at="2023-07-31T18:30:38Z" name="Submit Order Test" finished-at="2023-07-31T18:31:16Z" duration-ms="38632">
      <class name="nTech.SeleniumFrameworkDesign.SubmitOrderTest">
        <test-method is-config="true" signature="launchApplication()[pri:0, instance:nTech.SeleniumFrameworkDesign.SubmitOrderTest@26a4842b]" started-at="2023-07-31T18:30:38Z" name="launchApplication" finished-at="2023-07-31T18:30:49Z" duration-ms="10875" status="PASS">
          <reporter-output>
          </reporter-output>
        </test-method> <!-- launchApplication -->
        <test-method signature="submitOrder(java.util.HashMap)[pri:0, instance:nTech.SeleniumFrameworkDesign.SubmitOrderTest@26a4842b]" started-at="2023-07-31T18:30:49Z" name="submitOrder" data-provider="getData" finished-at="2023-07-31T18:30:54Z" duration-ms="5733" status="PASS">
          <params>
            <param index="0">
              <value>
                <![CDATA[{password=Jelly@123, product=ADIDAS ORIGINAL, email=nuwan@gmail.com}]]>
              </value>
            </param>
          </params>
          <reporter-output>
          </reporter-output>
        </test-method> <!-- submitOrder -->
        <test-method is-config="true" signature="closeBrowser()[pri:0, instance:nTech.SeleniumFrameworkDesign.SubmitOrderTest@26a4842b]" started-at="2023-07-31T18:30:54Z" name="closeBrowser" finished-at="2023-07-31T18:30:54Z" duration-ms="22" status="PASS">
          <reporter-output>
          </reporter-output>
        </test-method> <!-- closeBrowser -->
        <test-method is-config="true" signature="launchApplication()[pri:0, instance:nTech.SeleniumFrameworkDesign.SubmitOrderTest@26a4842b]" started-at="2023-07-31T18:30:54Z" name="launchApplication" finished-at="2023-07-31T18:31:03Z" duration-ms="8926" status="PASS">
          <reporter-output>
          </reporter-output>
        </test-method> <!-- launchApplication -->
        <test-method signature="submitOrder(java.util.HashMap)[pri:0, instance:nTech.SeleniumFrameworkDesign.SubmitOrderTest@26a4842b]" started-at="2023-07-31T18:31:03Z" name="submitOrder" data-provider="getData" finished-at="2023-07-31T18:31:09Z" duration-ms="5778" status="PASS">
          <params>
            <param index="0">
              <value>
                <![CDATA[{password=Kitkat123, product=ZARA COAT 3, email=nethkantha@gmail.com}]]>
              </value>
            </param>
          </params>
          <reporter-output>
          </reporter-output>
        </test-method> <!-- submitOrder -->
        <test-method is-config="true" signature="closeBrowser()[pri:0, instance:nTech.SeleniumFrameworkDesign.SubmitOrderTest@26a4842b]" started-at="2023-07-31T18:31:09Z" name="closeBrowser" finished-at="2023-07-31T18:31:09Z" duration-ms="26" status="PASS">
          <reporter-output>
          </reporter-output>
        </test-method> <!-- closeBrowser -->
        <test-method is-config="true" signature="launchApplication()[pri:0, instance:nTech.SeleniumFrameworkDesign.SubmitOrderTest@26a4842b]" started-at="2023-07-31T18:31:09Z" name="launchApplication" finished-at="2023-07-31T18:31:15Z" duration-ms="5955" status="PASS">
          <reporter-output>
          </reporter-output>
        </test-method> <!-- launchApplication -->
        <test-method signature="OrderHistoryTest()[pri:0, instance:nTech.SeleniumFrameworkDesign.SubmitOrderTest@26a4842b]" started-at="2023-07-31T18:31:15Z" name="OrderHistoryTest" finished-at="2023-07-31T18:31:16Z" depends-on-methods="nTech.SeleniumFrameworkDesign.SubmitOrderTest.submitOrder" duration-ms="1093" status="PASS">
          <reporter-output>
          </reporter-output>
        </test-method> <!-- OrderHistoryTest -->
        <test-method is-config="true" signature="closeBrowser()[pri:0, instance:nTech.SeleniumFrameworkDesign.SubmitOrderTest@26a4842b]" started-at="2023-07-31T18:31:16Z" name="closeBrowser" finished-at="2023-07-31T18:31:16Z" duration-ms="30" status="PASS">
          <reporter-output>
          </reporter-output>
        </test-method> <!-- closeBrowser -->
      </class> <!-- nTech.SeleniumFrameworkDesign.SubmitOrderTest -->
    </test> <!-- Submit Order Test -->
    <test started-at="2023-07-31T18:31:17Z" name="Error Validations Test" finished-at="2023-07-31T18:31:45Z" duration-ms="27970">
      <class name="nTech.SeleniumFrameworkDesign.ErrorValidationsTest">
        <test-method is-config="true" signature="launchApplication()[pri:0, instance:nTech.SeleniumFrameworkDesign.ErrorValidationsTest@6b54655f]" started-at="2023-07-31T18:31:17Z" name="launchApplication" finished-at="2023-07-31T18:31:23Z" duration-ms="6699" status="PASS">
          <reporter-output>
          </reporter-output>
        </test-method> <!-- launchApplication -->
        <test-method signature="LoginErrorValidation()[pri:0, instance:nTech.SeleniumFrameworkDesign.ErrorValidationsTest@6b54655f]" started-at="2023-07-31T18:31:23Z" name="LoginErrorValidation" finished-at="2023-07-31T18:31:25Z" duration-ms="1348" status="SKIP">
          <exception class="java.lang.AssertionError">
            <message>
              <![CDATA[expected [Incorrect email password.] but found [Incorrect email or password.]]]>
            </message>
            <full-stacktrace>
              <![CDATA[java.lang.AssertionError: expected [Incorrect email password.] but found [Incorrect email or password.]
at org.testng.Assert.fail(Assert.java:96)
at org.testng.Assert.failNotEquals(Assert.java:776)
at org.testng.Assert.assertEqualsImpl(Assert.java:137)
at org.testng.Assert.assertEquals(Assert.java:118)
at org.testng.Assert.assertEquals(Assert.java:453)
at org.testng.Assert.assertEquals(Assert.java:463)
at nTech.SeleniumFrameworkDesign.ErrorValidationsTest.LoginErrorValidation(ErrorValidationsTest.java:24)
at java.base/jdk.internal.reflect.NativeMethodAccessorImpl.invoke0(Native Method)
at java.base/jdk.internal.reflect.NativeMethodAccessorImpl.invoke(NativeMethodAccessorImpl.java:77)
at java.base/jdk.internal.reflect.DelegatingMethodAccessorImpl.invoke(DelegatingMethodAccessorImpl.java:43)
at java.base/java.lang.reflect.Method.invoke(Method.java:568)
at org.testng.internal.MethodInvocationHelper.invokeMethod(MethodInvocationHelper.java:124)
at org.testng.internal.Invoker.invokeMethod(Invoker.java:583)
at org.testng.internal.Invoker.invokeTestMethod(Invoker.java:719)
at org.testng.internal.Invoker.invokeTestMethods(Invoker.java:989)
at org.testng.internal.TestMethodWorker.invokeTestMethods(TestMethodWorker.java:125)
at org.testng.internal.TestMethodWorker.run(TestMethodWorker.java:109)
at org.testng.TestRunner.privateRun(TestRunner.java:648)
at org.testng.TestRunner.run(TestRunner.java:505)
at org.testng.SuiteRunner.runTest(SuiteRunner.java:455)
at org.testng.SuiteRunner.runSequentially(SuiteRunner.java:450)
at org.testng.SuiteRunner.privateRun(SuiteRunner.java:415)
at org.testng.SuiteRunner.run(SuiteRunner.java:364)
at org.testng.SuiteRunnerWorker.runSuite(SuiteRunnerWorker.java:52)
at org.testng.SuiteRunnerWorker.run(SuiteRunnerWorker.java:84)
at org.testng.TestNG.runSuitesSequentially(TestNG.java:1208)
at org.testng.TestNG.runSuitesLocally(TestNG.java:1137)
at org.testng.TestNG.runSuites(TestNG.java:1049)
at org.testng.TestNG.run(TestNG.java:1017)
at org.testng.remote.AbstractRemoteTestNG.run(AbstractRemoteTestNG.java:115)
at org.testng.remote.RemoteTestNG.initAndRun(RemoteTestNG.java:251)
at org.testng.remote.RemoteTestNG.main(RemoteTestNG.java:77)
]]>
            </full-stacktrace>
          </exception> <!-- java.lang.AssertionError -->
          <reporter-output>
          </reporter-output>
        </test-method> <!-- LoginErrorValidation -->
        <test-method is-config="true" signature="closeBrowser()[pri:0, instance:nTech.SeleniumFrameworkDesign.ErrorValidationsTest@6b54655f]" started-at="2023-07-31T18:31:25Z" name="closeBrowser" finished-at="2023-07-31T18:31:25Z" duration-ms="24" status="PASS">
          <reporter-output>
          </reporter-output>
        </test-method> <!-- closeBrowser -->
        <test-method is-config="true" signature="launchApplication()[pri:0, instance:nTech.SeleniumFrameworkDesign.ErrorValidationsTest@6b54655f]" started-at="2023-07-31T18:31:25Z" name="launchApplication" finished-at="2023-07-31T18:31:31Z" duration-ms="6281" status="PASS">
          <reporter-output>
          </reporter-output>
        </test-method> <!-- launchApplication -->
        <test-method signature="LoginErrorValidation()[pri:0, instance:nTech.SeleniumFrameworkDesign.ErrorValidationsTest@6b54655f]" started-at="2023-07-31T18:31:31Z" name="LoginErrorValidation" finished-at="2023-07-31T18:31:32Z" duration-ms="1306" status="FAIL">
          <exception class="java.lang.AssertionError">
            <message>
              <![CDATA[expected [Incorrect email password.] but found [Incorrect email or password.]]]>
            </message>
            <full-stacktrace>
              <![CDATA[java.lang.AssertionError: expected [Incorrect email password.] but found [Incorrect email or password.]
at org.testng.Assert.fail(Assert.java:96)
at org.testng.Assert.failNotEquals(Assert.java:776)
at org.testng.Assert.assertEqualsImpl(Assert.java:137)
at org.testng.Assert.assertEquals(Assert.java:118)
at org.testng.Assert.assertEquals(Assert.java:453)
at org.testng.Assert.assertEquals(Assert.java:463)
at nTech.SeleniumFrameworkDesign.ErrorValidationsTest.LoginErrorValidation(ErrorValidationsTest.java:24)
at java.base/jdk.internal.reflect.NativeMethodAccessorImpl.invoke0(Native Method)
at java.base/jdk.internal.reflect.NativeMethodAccessorImpl.invoke(NativeMethodAccessorImpl.java:77)
at java.base/jdk.internal.reflect.DelegatingMethodAccessorImpl.invoke(DelegatingMethodAccessorImpl.java:43)
at java.base/java.lang.reflect.Method.invoke(Method.java:568)
at org.testng.internal.MethodInvocationHelper.invokeMethod(MethodInvocationHelper.java:124)
at org.testng.internal.Invoker.invokeMethod(Invoker.java:583)
at org.testng.internal.Invoker.retryFailed(Invoker.java:839)
at org.testng.internal.Invoker.invokeTestMethods(Invoker.java:1010)
at org.testng.internal.TestMethodWorker.invokeTestMethods(TestMethodWorker.java:125)
at org.testng.internal.TestMethodWorker.run(TestMethodWorker.java:109)
at org.testng.TestRunner.privateRun(TestRunner.java:648)
at org.testng.TestRunner.run(TestRunner.java:505)
at org.testng.SuiteRunner.runTest(SuiteRunner.java:455)
at org.testng.SuiteRunner.runSequentially(SuiteRunner.java:450)
at org.testng.SuiteRunner.privateRun(SuiteRunner.java:415)
at org.testng.SuiteRunner.run(SuiteRunner.java:364)
at org.testng.SuiteRunnerWorker.runSuite(SuiteRunnerWorker.java:52)
at org.testng.SuiteRunnerWorker.run(SuiteRunnerWorker.java:84)
at org.testng.TestNG.runSuitesSequentially(TestNG.java:1208)
at org.testng.TestNG.runSuitesLocally(TestNG.java:1137)
at org.testng.TestNG.runSuites(TestNG.java:1049)
at org.testng.TestNG.run(TestNG.java:1017)
at org.testng.remote.AbstractRemoteTestNG.run(AbstractRemoteTestNG.java:115)
at org.testng.remote.RemoteTestNG.initAndRun(RemoteTestNG.java:251)
at org.testng.remote.RemoteTestNG.main(RemoteTestNG.java:77)
]]>
            </full-stacktrace>
          </exception> <!-- java.lang.AssertionError -->
          <reporter-output>
          </reporter-output>
        </test-method> <!-- LoginErrorValidation -->
        <test-method is-config="true" signature="closeBrowser()[pri:0, instance:nTech.SeleniumFrameworkDesign.ErrorValidationsTest@6b54655f]" started-at="2023-07-31T18:31:33Z" name="closeBrowser" finished-at="2023-07-31T18:31:33Z" duration-ms="22" status="PASS">
          <reporter-output>
          </reporter-output>
        </test-method> <!-- closeBrowser -->
        <test-method is-config="true" signature="launchApplication()[pri:0, instance:nTech.SeleniumFrameworkDesign.ErrorValidationsTest@6b54655f]" started-at="2023-07-31T18:31:33Z" name="launchApplication" finished-at="2023-07-31T18:31:40Z" duration-ms="7306" status="PASS">
          <reporter-output>
          </reporter-output>
        </test-method> <!-- launchApplication -->
        <test-method signature="ProductErrorValidation()[pri:0, instance:nTech.SeleniumFrameworkDesign.ErrorValidationsTest@6b54655f]" started-at="2023-07-31T18:31:40Z" name="ProductErrorValidation" finished-at="2023-07-31T18:31:44Z" duration-ms="4575" status="PASS">
          <reporter-output>
          </reporter-output>
        </test-method> <!-- ProductErrorValidation -->
        <test-method is-config="true" signature="closeBrowser()[pri:0, instance:nTech.SeleniumFrameworkDesign.ErrorValidationsTest@6b54655f]" started-at="2023-07-31T18:31:44Z" name="closeBrowser" finished-at="2023-07-31T18:31:45Z" duration-ms="25" status="PASS">
          <reporter-output>
          </reporter-output>
        </test-method> <!-- closeBrowser -->
      </class> <!-- nTech.SeleniumFrameworkDesign.ErrorValidationsTest -->
    </test> <!-- Error Validations Test -->
  </suite> <!-- Suite -->
</testng-results>
