<?xml version="1.0" encoding="UTF-8"?>
<!-- Generated by org.testng.reporters.JUnitXMLReporter -->
<testsuite ignored="0" hostname="Dell_16_Nuwan" failures="1" tests="2" name="Error Validations Test" time="26.301" errors="0" timestamp="17 Jul 2023 20:31:20 GMT">
  <testcase classname="nTech.SeleniumFrameworkDesign.ErrorValidationsTest" name="LoginErrorValidation" time="1.185">
    <failure type="java.lang.AssertionError" message="expected [Incorrect email password.] but found [Incorrect email or password.]">
      <![CDATA[java.lang.AssertionError: expected [Incorrect email password.] but found [Incorrect email or password.]
at nTech.SeleniumFrameworkDesign.ErrorValidationsTest.LoginErrorValidation(ErrorValidationsTest.java:23)
at java.base/java.util.concurrent.FutureTask.run(FutureTask.java:264)
at java.base/java.util.concurrent.ThreadPoolExecutor.runWorker(ThreadPoolExecutor.java:1136)
at java.base/java.util.concurrent.ThreadPoolExecutor$Worker.run(ThreadPoolExecutor.java:635)
at java.base/java.lang.Thread.run(Thread.java:833)
... Removed 22 stack frames]]>
    </failure>
  </testcase> <!-- LoginErrorValidation -->
  <testcase classname="nTech.SeleniumFrameworkDesign.ErrorValidationsTest" name="ProductErrorValidation" time="4.434"/>
</testsuite> <!-- Error Validations Test -->
